<?xml version="1.0" encoding="UTF-8"?>
<!-- Generated by org.testng.reporters.JUnitReportReporter -->
<testsuite hostname="IN-5CG01711RJ" failures="0" tests="1" name="ManUTDRegression.test.ValidateManUVideoPlay" time="1149.595" errors="1" timestamp="2024-04-30T22:12:19 IST" skipped="0">
  <testcase classname="ManUTDRegression.test.ValidateManUVideoPlay" name="runValidateManUVideoPlay" time="1149.595">
    <error message="An element could not be located on the page using the given search parameters.
For documentation on this error, please visit: https://www.selenium.dev/documentation/webdriver/troubleshooting/errors#no-such-element-exception
Build info: version: &#039;4.10.0&#039;, revision: &#039;c14d967899&#039;
System info: os.name: &#039;Windows 10&#039;, os.arch: &#039;amd64&#039;, os.version: &#039;10.0&#039;, java.version: &#039;17.0.7&#039;
Driver info: io.appium.java_client.android.AndroidDriver
Command: [00f72cfc24d9d24d76d37e0dc825337469ef0c22, findElement {using=xpath, value=//androidx.recyclerview.widget.RecyclerView[@resource-id=&#039;com.mu.muclubapp.staging_mu_dxc:id/rv_hightlights&#039;]}]
Capabilities {appium:BROWSERSTACK_IDLE_TIMEOUT: 600, appium:appActivity: com.manutd.ui.activity.Spla..., appium:appPackage: com.mu.muclubapp.staging_mu..., appium:automationName: uiautomator2, appium:browserstack.key: myzal82yr4hmhgzpqghy, appium:browserstack.user: elamathivijayasa_braxh3, appium:chromedriverArgs: [--adb-port=5038], appium:chromedriverPort: 18080, appium:chromedriverPorts: [[18100, 18110]], appium:databaseEnabled: false, appium:desired: {BROWSERSTACK_IDLE_TIMEOUT: 600, appActivity: com.manutd.ui.activity.Spla..., appPackage: com.mu.muclubapp.staging_mu..., automationName: uiautomator2, browserstack.key: myzal82yr4hmhgzpqghy, browserstack.user: elamathivijayasa_braxh3, bstack:options: {accessKey: myzaL82yR4HMHGzpqghY, userName: elamathivijayasa_BRaXh3}, chromedriverArgs: [--adb-port=5038], chromedriverPort: 18080, chromedriverPorts: [[18100, 18110]], device: google pixel 7, deviceName: google pixel 7, disableSuppressAccessibilityService: true, goog:chromeOptions: {}, interactiveDebugging: true, nativeWebScreenshot: true, newCommandTimeout: 0, platformName: Android, skipServerInstallation: true, systemPort: 8200, udid: 28021FDH200B6A}, appium:device: google pixel 7, appium:deviceApiLevel: 33, appium:deviceManufacturer: Google, appium:deviceModel: Pixel 7, appium:deviceName: 28021FDH200B6A, appium:deviceScreenDensity: 420, appium:deviceScreenSize: 1080x2400, appium:deviceUDID: 28021FDH200B6A, appium:disableSuppressAccessibilityService: true, appium:interactiveDebugging: true, appium:javascriptEnabled: true, appium:locationContextEnabled: false, appium:nativeWebScreenshot: true, appium:networkConnectionEnabled: true, appium:newCommandTimeout: 0, appium:pixelRatio: 2.625, appium:platformVersion: 13, appium:skipServerInstallation: true, appium:statBarHeight: 118, appium:systemPort: 8200, appium:takesScreenshot: true, appium:udid: 28021FDH200B6A, appium:viewportRect: {height: 2101, left: 0, top: 118, width: 1080}, appium:warnings: {}, appium:webStorageEnabled: false, bstack:options: {accessKey: myzaL82yR4HMHGzpqghY, userName: elamathivijayasa_BRaXh3}, goog:chromeOptions: {}, platformName: ANDROID}
Session ID: 00f72cfc24d9d24d76d37e0dc825337469ef0c22" type="org.openqa.selenium.NoSuchElementException">
      <![CDATA[org.openqa.selenium.NoSuchElementException: An element could not be located on the page using the given search parameters.
For documentation on this error, please visit: https://www.selenium.dev/documentation/webdriver/troubleshooting/errors#no-such-element-exception
Build info: version: '4.10.0', revision: 'c14d967899'
System info: os.name: 'Windows 10', os.arch: 'amd64', os.version: '10.0', java.version: '17.0.7'
Driver info: io.appium.java_client.android.AndroidDriver
Command: [00f72cfc24d9d24d76d37e0dc825337469ef0c22, findElement {using=xpath, value=//androidx.recyclerview.widget.RecyclerView[@resource-id='com.mu.muclubapp.staging_mu_dxc:id/rv_hightlights']}]
Capabilities {appium:BROWSERSTACK_IDLE_TIMEOUT: 600, appium:appActivity: com.manutd.ui.activity.Spla..., appium:appPackage: com.mu.muclubapp.staging_mu..., appium:automationName: uiautomator2, appium:browserstack.key: myzal82yr4hmhgzpqghy, appium:browserstack.user: elamathivijayasa_braxh3, appium:chromedriverArgs: [--adb-port=5038], appium:chromedriverPort: 18080, appium:chromedriverPorts: [[18100, 18110]], appium:databaseEnabled: false, appium:desired: {BROWSERSTACK_IDLE_TIMEOUT: 600, appActivity: com.manutd.ui.activity.Spla..., appPackage: com.mu.muclubapp.staging_mu..., automationName: uiautomator2, browserstack.key: myzal82yr4hmhgzpqghy, browserstack.user: elamathivijayasa_braxh3, bstack:options: {accessKey: myzaL82yR4HMHGzpqghY, userName: elamathivijayasa_BRaXh3}, chromedriverArgs: [--adb-port=5038], chromedriverPort: 18080, chromedriverPorts: [[18100, 18110]], device: google pixel 7, deviceName: google pixel 7, disableSuppressAccessibilityService: true, goog:chromeOptions: {}, interactiveDebugging: true, nativeWebScreenshot: true, newCommandTimeout: 0, platformName: Android, skipServerInstallation: true, systemPort: 8200, udid: 28021FDH200B6A}, appium:device: google pixel 7, appium:deviceApiLevel: 33, appium:deviceManufacturer: Google, appium:deviceModel: Pixel 7, appium:deviceName: 28021FDH200B6A, appium:deviceScreenDensity: 420, appium:deviceScreenSize: 1080x2400, appium:deviceUDID: 28021FDH200B6A, appium:disableSuppressAccessibilityService: true, appium:interactiveDebugging: true, appium:javascriptEnabled: true, appium:locationContextEnabled: false, appium:nativeWebScreenshot: true, appium:networkConnectionEnabled: true, appium:newCommandTimeout: 0, appium:pixelRatio: 2.625, appium:platformVersion: 13, appium:skipServerInstallation: true, appium:statBarHeight: 118, appium:systemPort: 8200, appium:takesScreenshot: true, appium:udid: 28021FDH200B6A, appium:viewportRect: {height: 2101, left: 0, top: 118, width: 1080}, appium:warnings: {}, appium:webStorageEnabled: false, bstack:options: {accessKey: myzaL82yR4HMHGzpqghY, userName: elamathivijayasa_BRaXh3}, goog:chromeOptions: {}, platformName: ANDROID}
Session ID: 00f72cfc24d9d24d76d37e0dc825337469ef0c22
at jdk.internal.reflect.GeneratedConstructorAccessor20.newInstance(Unknown Source)
at java.base/jdk.internal.reflect.DelegatingConstructorAccessorImpl.newInstance(DelegatingConstructorAccessorImpl.java:45)
at java.base/java.lang.reflect.Constructor.newInstanceWithCaller(Constructor.java:499)
at java.base/java.lang.reflect.Constructor.newInstance(Constructor.java:480)
at org.openqa.selenium.remote.codec.w3c.W3CHttpResponseCodec.createException(W3CHttpResponseCodec.java:199)
at org.openqa.selenium.remote.codec.w3c.W3CHttpResponseCodec.decode(W3CHttpResponseCodec.java:132)
at org.openqa.selenium.remote.codec.w3c.W3CHttpResponseCodec.decode(W3CHttpResponseCodec.java:51)
at org.openqa.selenium.remote.HttpCommandExecutor.execute(HttpCommandExecutor.java:191)
at io.appium.java_client.remote.AppiumCommandExecutor.execute(AppiumCommandExecutor.java:262)
at org.openqa.selenium.remote.RemoteWebDriver.execute(RemoteWebDriver.java:531)
at org.openqa.selenium.remote.ElementLocation$ElementFinder$2.findElement(ElementLocation.java:165)
at org.openqa.selenium.remote.ElementLocation.findElement(ElementLocation.java:59)
at org.openqa.selenium.remote.RemoteWebDriver.findElement(RemoteWebDriver.java:350)
at org.openqa.selenium.remote.RemoteWebDriver.findElement(RemoteWebDriver.java:344)
at ManUTDRegression.framework.generic.GenericLib.clickOnFirstElement(GenericLib.java:3185)
at ManUTDRegression.pom.videopage.PlayVideo.test(PlayVideo.java:46)
at ManUTDRegression.test.ValidateManUVideoPlay.runValidateManUVideoPlay(ValidateManUVideoPlay.java:30)
at java.base/jdk.internal.reflect.NativeMethodAccessorImpl.invoke0(Native Method)
at java.base/jdk.internal.reflect.NativeMethodAccessorImpl.invoke(NativeMethodAccessorImpl.java:77)
at java.base/jdk.internal.reflect.DelegatingMethodAccessorImpl.invoke(DelegatingMethodAccessorImpl.java:43)
at java.base/java.lang.reflect.Method.invoke(Method.java:568)
at org.testng.internal.invokers.MethodInvocationHelper.invokeMethod(MethodInvocationHelper.java:139)
at org.testng.internal.invokers.TestInvoker.invokeMethod(TestInvoker.java:664)
at org.testng.internal.invokers.TestInvoker.invokeTestMethod(TestInvoker.java:227)
at org.testng.internal.invokers.MethodRunner.runInSequence(MethodRunner.java:50)
at org.testng.internal.invokers.TestInvoker$MethodInvocationAgent.invoke(TestInvoker.java:957)
at org.testng.internal.invokers.TestInvoker.invokeTestMethods(TestInvoker.java:200)
at org.testng.internal.invokers.TestMethodWorker.invokeTestMethods(TestMethodWorker.java:148)
at org.testng.internal.invokers.TestMethodWorker.run(TestMethodWorker.java:128)
at java.base/java.util.ArrayList.forEach(ArrayList.java:1511)
at org.testng.TestRunner.privateRun(TestRunner.java:848)
at org.testng.TestRunner.run(TestRunner.java:621)
at org.testng.SuiteRunner.runTest(SuiteRunner.java:443)
at org.testng.SuiteRunner.runSequentially(SuiteRunner.java:437)
at org.testng.SuiteRunner.privateRun(SuiteRunner.java:397)
at org.testng.SuiteRunner.run(SuiteRunner.java:336)
at org.testng.SuiteRunnerWorker.runSuite(SuiteRunnerWorker.java:52)
at org.testng.SuiteRunnerWorker.run(SuiteRunnerWorker.java:95)
at org.testng.TestNG.runSuitesSequentially(TestNG.java:1280)
at org.testng.TestNG.runSuitesLocally(TestNG.java:1200)
at org.testng.TestNG.runSuites(TestNG.java:1114)
at org.testng.TestNG.run(TestNG.java:1082)
at org.testng.remote.AbstractRemoteTestNG.run(AbstractRemoteTestNG.java:115)
at org.testng.remote.RemoteTestNG.initAndRun(RemoteTestNG.java:251)
at org.testng.remote.RemoteTestNG.main(RemoteTestNG.java:77)
]]>
    </error>
  </testcase> <!-- runValidateManUVideoPlay -->
</testsuite> <!-- ManUTDRegression.test.ValidateManUVideoPlay -->
