<html>
<head>
<title>TestNG:  ExecuteTest</title>
<link href="../testng.css" rel="stylesheet" type="text/css" />
<link href="../my-testng.css" rel="stylesheet" type="text/css" />

<style type="text/css">
.log { display: none;} 
.stack-trace { display: none;} 
</style>
<script type="text/javascript">
<!--
function flip(e) {
  current = e.style.display;
  if (current == 'block') {
    e.style.display = 'none';
    return 0;
  }
  else {
    e.style.display = 'block';
    return 1;
  }
}

function toggleBox(szDivId, elem, msg1, msg2)
{
  var res = -1;  if (document.getElementById) {
    res = flip(document.getElementById(szDivId));
  }
  else if (document.all) {
    // this is the way old msie versions work
    res = flip(document.all[szDivId]);
  }
  if(elem) {
    if(res == 0) elem.innerHTML = msg1; else elem.innerHTML = msg2;
  }

}

function toggleAllBoxes() {
  if (document.getElementsByTagName) {
    d = document.getElementsByTagName('div');
    for (i = 0; i < d.length; i++) {
      if (d[i].className == 'log') {
        flip(d[i]);
      }
    }
  }
}

// -->
</script>

</head>
<body>
<h2 align='center'>ExecuteTest</h2><table border='1' align="center">
<tr>
<td>Tests passed/Failed/Skipped:</td><td>0/1/0</td>
</tr><tr>
<td>Started on:</td><td>Tue Apr 23 20:16:42 IST 2024</td>
</tr>
<tr><td>Total time:</td><td>176 seconds (176337 ms)</td>
</tr><tr>
<td>Included groups:</td><td></td>
</tr><tr>
<td>Excluded groups:</td><td></td>
</tr>
</table><p/>
<small><i>(Hover the method name to see the test class name)</i></small><p/>
<table width='100%' border='1' class='invocation-failed'>
<tr><td colspan='4' align='center'><b>FAILED CONFIGURATIONS</b></td></tr>
<tr><td><b>Test method</b></td>
<td><b>Attribute(s)</b></td>
<td width="30%"><b>Exception</b></td>
<td width="10%"><b>Time (seconds)</b></td>
<td><b>Instance</b></td>
</tr>
<tr>
<td title='ManUTDRegression.test.SingUpTest.cleanUp()'><b>cleanUp</b><br>Test class: ManUTDRegression.test.SingUpTest</td>
<td><div><pre>org.openqa.selenium.WebDriverException: An unknown error has occurred
Build info: version: &apos;4.10.0&apos;, revision: &apos;c14d967899&apos;
System info: os.name: &apos;Windows 10&apos;, os.arch: &apos;amd64&apos;, os.version: &apos;10.0&apos;, java.version: &apos;17&apos;
Driver info: io.appium.java_client.android.AndroidDriver
Command: [3d486900b03063cb3a1e56b407d8ac7290358eb2, quit {}]
Capabilities {appium:appActivity: com.manutd.ui.activity.Spla..., appium:appPackage: com.mu.muclubapp.staging_mu..., appium:automationName: uiautomator2, appium:browserstack.key: myzal82yr4hmhgzpqghy, appium:browserstack.user: elamathivijayasa_braxh3, appium:chromedriverArgs: [--adb-port=5038], appium:chromedriverPort: 18080, appium:chromedriverPorts: [[18100, 18110]], appium:databaseEnabled: false, appium:desired: {appActivity: com.manutd.ui.activity.Spla..., appPackage: com.mu.muclubapp.staging_mu..., automationName: uiautomator2, browserstack.key: myzal82yr4hmhgzpqghy, browserstack.user: elamathivijayasa_braxh3, bstack:options: {accessKey: myzaL82yR4HMHGzpqghY, userName: elamathivijayasa_BRaXh3}, chromedriverArgs: [--adb-port=5038], chromedriverPort: 18080, chromedriverPorts: [[18100, 18110]], device: google pixel 7, deviceName: google pixel 7, disableSuppressAccessibilityService: true, goog:chromeOptions: {}, interactiveDebugging: true, nativeWebScreenshot: true, newCommandTimeout: 0, platformName: Android, skipServerInstallation: true, systemPort: 8200, udid: 28241FDH200GKZ}, appium:device: google pixel 7, appium:deviceApiLevel: 33, appium:deviceManufacturer: Google, appium:deviceModel: Pixel 7, appium:deviceName: 28241FDH200GKZ, appium:deviceScreenDensity: 420, appium:deviceScreenSize: 1080x2400, appium:deviceUDID: 28241FDH200GKZ, appium:disableSuppressAccessibilityService: true, appium:interactiveDebugging: true, appium:javascriptEnabled: true, appium:locationContextEnabled: false, appium:nativeWebScreenshot: true, appium:networkConnectionEnabled: true, appium:newCommandTimeout: 0, appium:pixelRatio: 2.625, appium:platformVersion: 13, appium:skipServerInstallation: true, appium:statBarHeight: 118, appium:systemPort: 8200, appium:takesScreenshot: true, appium:udid: 28241FDH200GKZ, appium:viewportRect: {height: 2101, left: 0, top: 118, width: 1080}, appium:warnings: {}, appium:webStorageEnabled: false, bstack:options: {accessKey: myzaL82yR4HMHGzpqghY, userName: elamathivijayasa_BRaXh3}, goog:chromeOptions: {}, platformName: ANDROID}
Session ID: 3d486900b03063cb3a1e56b407d8ac7290358eb2
	at org.openqa.selenium.remote.codec.w3c.W3CHttpResponseCodec.createException(W3CHttpResponseCodec.java:199)
	at org.openqa.selenium.remote.codec.w3c.W3CHttpResponseCodec.decode(W3CHttpResponseCodec.java:132)
	at org.openqa.selenium.remote.codec.w3c.W3CHttpResponseCodec.decode(W3CHttpResponseCodec.java:51)
	at org.openqa.selenium.remote.HttpCommandExecutor.execute(HttpCommandExecutor.java:191)
	at io.appium.java_client.remote.AppiumCommandExecutor.execute(AppiumCommandExecutor.java:262)
	at org.openqa.selenium.remote.RemoteWebDriver.execute(RemoteWebDriver.java:531)
	at org.openqa.selenium.remote.RemoteWebDriver.execute(RemoteWebDriver.java:590)
	at io.appium.java_client.AppiumDriver.execute(AppiumDriver.java:272)
	at org.openqa.selenium.remote.RemoteWebDriver.quit(RemoteWebDriver.java:446)
	at ManUTDRegression.test.BaseTest.cleanUp(BaseTest.java:42)
	at java.base/java.util.ArrayList.forEach(ArrayList.java:1511)
... Removed 35 stack frames</pre></div><a href='#' onClick='toggleBox("stack-trace830592222", this, "Click to show all stack frames", "Click to hide stack frames")'>Click to show all stack frames</a>
<div class='stack-trace' id='stack-trace830592222'><pre>org.openqa.selenium.WebDriverException: An unknown error has occurred
Build info: version: &apos;4.10.0&apos;, revision: &apos;c14d967899&apos;
System info: os.name: &apos;Windows 10&apos;, os.arch: &apos;amd64&apos;, os.version: &apos;10.0&apos;, java.version: &apos;17&apos;
Driver info: io.appium.java_client.android.AndroidDriver
Command: [3d486900b03063cb3a1e56b407d8ac7290358eb2, quit {}]
Capabilities {appium:appActivity: com.manutd.ui.activity.Spla..., appium:appPackage: com.mu.muclubapp.staging_mu..., appium:automationName: uiautomator2, appium:browserstack.key: myzal82yr4hmhgzpqghy, appium:browserstack.user: elamathivijayasa_braxh3, appium:chromedriverArgs: [--adb-port=5038], appium:chromedriverPort: 18080, appium:chromedriverPorts: [[18100, 18110]], appium:databaseEnabled: false, appium:desired: {appActivity: com.manutd.ui.activity.Spla..., appPackage: com.mu.muclubapp.staging_mu..., automationName: uiautomator2, browserstack.key: myzal82yr4hmhgzpqghy, browserstack.user: elamathivijayasa_braxh3, bstack:options: {accessKey: myzaL82yR4HMHGzpqghY, userName: elamathivijayasa_BRaXh3}, chromedriverArgs: [--adb-port=5038], chromedriverPort: 18080, chromedriverPorts: [[18100, 18110]], device: google pixel 7, deviceName: google pixel 7, disableSuppressAccessibilityService: true, goog:chromeOptions: {}, interactiveDebugging: true, nativeWebScreenshot: true, newCommandTimeout: 0, platformName: Android, skipServerInstallation: true, systemPort: 8200, udid: 28241FDH200GKZ}, appium:device: google pixel 7, appium:deviceApiLevel: 33, appium:deviceManufacturer: Google, appium:deviceModel: Pixel 7, appium:deviceName: 28241FDH200GKZ, appium:deviceScreenDensity: 420, appium:deviceScreenSize: 1080x2400, appium:deviceUDID: 28241FDH200GKZ, appium:disableSuppressAccessibilityService: true, appium:interactiveDebugging: true, appium:javascriptEnabled: true, appium:locationContextEnabled: false, appium:nativeWebScreenshot: true, appium:networkConnectionEnabled: true, appium:newCommandTimeout: 0, appium:pixelRatio: 2.625, appium:platformVersion: 13, appium:skipServerInstallation: true, appium:statBarHeight: 118, appium:systemPort: 8200, appium:takesScreenshot: true, appium:udid: 28241FDH200GKZ, appium:viewportRect: {height: 2101, left: 0, top: 118, width: 1080}, appium:warnings: {}, appium:webStorageEnabled: false, bstack:options: {accessKey: myzaL82yR4HMHGzpqghY, userName: elamathivijayasa_BRaXh3}, goog:chromeOptions: {}, platformName: ANDROID}
Session ID: 3d486900b03063cb3a1e56b407d8ac7290358eb2
	at java.base/jdk.internal.reflect.NativeConstructorAccessorImpl.newInstance0(Native Method)
	at java.base/jdk.internal.reflect.NativeConstructorAccessorImpl.newInstance(NativeConstructorAccessorImpl.java:77)
	at java.base/jdk.internal.reflect.DelegatingConstructorAccessorImpl.newInstance(DelegatingConstructorAccessorImpl.java:45)
	at java.base/java.lang.reflect.Constructor.newInstanceWithCaller(Constructor.java:499)
	at java.base/java.lang.reflect.Constructor.newInstance(Constructor.java:480)
	at org.openqa.selenium.remote.codec.w3c.W3CHttpResponseCodec.createException(W3CHttpResponseCodec.java:199)
	at org.openqa.selenium.remote.codec.w3c.W3CHttpResponseCodec.decode(W3CHttpResponseCodec.java:132)
	at org.openqa.selenium.remote.codec.w3c.W3CHttpResponseCodec.decode(W3CHttpResponseCodec.java:51)
	at org.openqa.selenium.remote.HttpCommandExecutor.execute(HttpCommandExecutor.java:191)
	at io.appium.java_client.remote.AppiumCommandExecutor.execute(AppiumCommandExecutor.java:262)
	at org.openqa.selenium.remote.RemoteWebDriver.execute(RemoteWebDriver.java:531)
	at org.openqa.selenium.remote.RemoteWebDriver.execute(RemoteWebDriver.java:590)
	at io.appium.java_client.AppiumDriver.execute(AppiumDriver.java:272)
	at org.openqa.selenium.remote.RemoteWebDriver.quit(RemoteWebDriver.java:446)
	at ManUTDRegression.test.BaseTest.cleanUp(BaseTest.java:42)
	at java.base/jdk.internal.reflect.NativeMethodAccessorImpl.invoke0(Native Method)
	at java.base/jdk.internal.reflect.NativeMethodAccessorImpl.invoke(NativeMethodAccessorImpl.java:77)
	at java.base/jdk.internal.reflect.DelegatingMethodAccessorImpl.invoke(DelegatingMethodAccessorImpl.java:43)
	at java.base/java.lang.reflect.Method.invoke(Method.java:568)
	at org.testng.internal.invokers.MethodInvocationHelper.invokeMethod(MethodInvocationHelper.java:139)
	at org.testng.internal.invokers.MethodInvocationHelper.invokeMethodConsideringTimeout(MethodInvocationHelper.java:69)
	at org.testng.internal.invokers.ConfigInvoker.invokeConfigurationMethod(ConfigInvoker.java:390)
	at org.testng.internal.invokers.ConfigInvoker.invokeConfigurations(ConfigInvoker.java:325)
	at org.testng.internal.invokers.TestMethodWorker.invokeAfterClassConfigurations(TestMethodWorker.java:229)
	at org.testng.internal.invokers.TestMethodWorker.invokeAfterClassMethods(TestMethodWorker.java:215)
	at org.testng.internal.invokers.TestMethodWorker.run(TestMethodWorker.java:131)
	at java.base/java.util.ArrayList.forEach(ArrayList.java:1511)
	at org.testng.TestRunner.privateRun(TestRunner.java:848)
	at org.testng.TestRunner.run(TestRunner.java:621)
	at org.testng.SuiteRunner.runTest(SuiteRunner.java:443)
	at org.testng.SuiteRunner.runSequentially(SuiteRunner.java:437)
	at org.testng.SuiteRunner.privateRun(SuiteRunner.java:397)
	at org.testng.SuiteRunner.run(SuiteRunner.java:336)
	at org.testng.SuiteRunnerWorker.runSuite(SuiteRunnerWorker.java:52)
	at org.testng.SuiteRunnerWorker.run(SuiteRunnerWorker.java:95)
	at org.testng.TestNG.runSuitesSequentially(TestNG.java:1280)
	at org.testng.TestNG.runSuitesLocally(TestNG.java:1200)
	at org.testng.TestNG.runSuites(TestNG.java:1114)
	at org.testng.TestNG.run(TestNG.java:1082)
	at org.apache.maven.surefire.testng.TestNGExecutor.run(TestNGExecutor.java:308)
	at org.apache.maven.surefire.testng.TestNGXmlTestSuite.execute(TestNGXmlTestSuite.java:71)
	at org.apache.maven.surefire.testng.TestNGProvider.invoke(TestNGProvider.java:113)
	at org.apache.maven.surefire.booter.ForkedBooter.runSuitesInProcess(ForkedBooter.java:385)
	at org.apache.maven.surefire.booter.ForkedBooter.execute(ForkedBooter.java:162)
	at org.apache.maven.surefire.booter.ForkedBooter.run(ForkedBooter.java:507)
	at org.apache.maven.surefire.booter.ForkedBooter.main(ForkedBooter.java:495)
</pre></div></td>
<td>0</td>
<td>ManUTDRegression.test.SingUpTest@18078bef</td></tr>
</table><p>
<table width='100%' border='1' class='invocation-failed'>
<tr><td colspan='4' align='center'><b>FAILED TESTS</b></td></tr>
<tr><td><b>Test method</b></td>
<td><b>Attribute(s)</b></td>
<td width="30%"><b>Exception</b></td>
<td width="10%"><b>Time (seconds)</b></td>
<td><b>Instance</b></td>
</tr>
<tr>
<td title='ManUTDRegression.test.SingUpTest.runSingUp()'><b>runSingUp</b><br>Test class: ManUTDRegression.test.SingUpTest<br>Parameters: Pradeep</td>
<td><div><pre>org.openqa.selenium.WebDriverException: An unknown error has occurred
Build info: version: &apos;4.10.0&apos;, revision: &apos;c14d967899&apos;
System info: os.name: &apos;Windows 10&apos;, os.arch: &apos;amd64&apos;, os.version: &apos;10.0&apos;, java.version: &apos;17&apos;
Driver info: io.appium.java_client.android.AndroidDriver
Command: [3d486900b03063cb3a1e56b407d8ac7290358eb2, getContextHandles {}]
Capabilities {appium:appActivity: com.manutd.ui.activity.Spla..., appium:appPackage: com.mu.muclubapp.staging_mu..., appium:automationName: uiautomator2, appium:browserstack.key: myzal82yr4hmhgzpqghy, appium:browserstack.user: elamathivijayasa_braxh3, appium:chromedriverArgs: [--adb-port=5038], appium:chromedriverPort: 18080, appium:chromedriverPorts: [[18100, 18110]], appium:databaseEnabled: false, appium:desired: {appActivity: com.manutd.ui.activity.Spla..., appPackage: com.mu.muclubapp.staging_mu..., automationName: uiautomator2, browserstack.key: myzal82yr4hmhgzpqghy, browserstack.user: elamathivijayasa_braxh3, bstack:options: {accessKey: myzaL82yR4HMHGzpqghY, userName: elamathivijayasa_BRaXh3}, chromedriverArgs: [--adb-port=5038], chromedriverPort: 18080, chromedriverPorts: [[18100, 18110]], device: google pixel 7, deviceName: google pixel 7, disableSuppressAccessibilityService: true, goog:chromeOptions: {}, interactiveDebugging: true, nativeWebScreenshot: true, newCommandTimeout: 0, platformName: Android, skipServerInstallation: true, systemPort: 8200, udid: 28241FDH200GKZ}, appium:device: google pixel 7, appium:deviceApiLevel: 33, appium:deviceManufacturer: Google, appium:deviceModel: Pixel 7, appium:deviceName: 28241FDH200GKZ, appium:deviceScreenDensity: 420, appium:deviceScreenSize: 1080x2400, appium:deviceUDID: 28241FDH200GKZ, appium:disableSuppressAccessibilityService: true, appium:interactiveDebugging: true, appium:javascriptEnabled: true, appium:locationContextEnabled: false, appium:nativeWebScreenshot: true, appium:networkConnectionEnabled: true, appium:newCommandTimeout: 0, appium:pixelRatio: 2.625, appium:platformVersion: 13, appium:skipServerInstallation: true, appium:statBarHeight: 118, appium:systemPort: 8200, appium:takesScreenshot: true, appium:udid: 28241FDH200GKZ, appium:viewportRect: {height: 2101, left: 0, top: 118, width: 1080}, appium:warnings: {}, appium:webStorageEnabled: false, bstack:options: {accessKey: myzaL82yR4HMHGzpqghY, userName: elamathivijayasa_BRaXh3}, goog:chromeOptions: {}, platformName: ANDROID}
Session ID: 3d486900b03063cb3a1e56b407d8ac7290358eb2
	at org.openqa.selenium.remote.codec.w3c.W3CHttpResponseCodec.createException(W3CHttpResponseCodec.java:199)
	at org.openqa.selenium.remote.codec.w3c.W3CHttpResponseCodec.decode(W3CHttpResponseCodec.java:132)
	at org.openqa.selenium.remote.codec.w3c.W3CHttpResponseCodec.decode(W3CHttpResponseCodec.java:51)
	at org.openqa.selenium.remote.HttpCommandExecutor.execute(HttpCommandExecutor.java:191)
	at io.appium.java_client.remote.AppiumCommandExecutor.execute(AppiumCommandExecutor.java:262)
	at org.openqa.selenium.remote.RemoteWebDriver.execute(RemoteWebDriver.java:531)
	at org.openqa.selenium.remote.RemoteWebDriver.execute(RemoteWebDriver.java:590)
	at io.appium.java_client.AppiumDriver.execute(AppiumDriver.java:267)
	at io.appium.java_client.remote.SupportsContextSwitching.getContextHandles(SupportsContextSwitching.java:58)
	at ManUTDRegression.framework.generic.GenericLib.switchToWebViewContext(GenericLib.java:2600)
	at ManUTDRegression.pom.singuppage.SingUp.test(SingUp.java:67)
	at ManUTDRegression.test.SingUpTest.runSingUp(SingUpTest.java:25)
	at java.base/java.util.ArrayList.forEach(ArrayList.java:1511)
... Removed 36 stack frames</pre></div><a href='#' onClick='toggleBox("stack-trace2072701904", this, "Click to show all stack frames", "Click to hide stack frames")'>Click to show all stack frames</a>
<div class='stack-trace' id='stack-trace2072701904'><pre>org.openqa.selenium.WebDriverException: An unknown error has occurred
Build info: version: &apos;4.10.0&apos;, revision: &apos;c14d967899&apos;
System info: os.name: &apos;Windows 10&apos;, os.arch: &apos;amd64&apos;, os.version: &apos;10.0&apos;, java.version: &apos;17&apos;
Driver info: io.appium.java_client.android.AndroidDriver
Command: [3d486900b03063cb3a1e56b407d8ac7290358eb2, getContextHandles {}]
Capabilities {appium:appActivity: com.manutd.ui.activity.Spla..., appium:appPackage: com.mu.muclubapp.staging_mu..., appium:automationName: uiautomator2, appium:browserstack.key: myzal82yr4hmhgzpqghy, appium:browserstack.user: elamathivijayasa_braxh3, appium:chromedriverArgs: [--adb-port=5038], appium:chromedriverPort: 18080, appium:chromedriverPorts: [[18100, 18110]], appium:databaseEnabled: false, appium:desired: {appActivity: com.manutd.ui.activity.Spla..., appPackage: com.mu.muclubapp.staging_mu..., automationName: uiautomator2, browserstack.key: myzal82yr4hmhgzpqghy, browserstack.user: elamathivijayasa_braxh3, bstack:options: {accessKey: myzaL82yR4HMHGzpqghY, userName: elamathivijayasa_BRaXh3}, chromedriverArgs: [--adb-port=5038], chromedriverPort: 18080, chromedriverPorts: [[18100, 18110]], device: google pixel 7, deviceName: google pixel 7, disableSuppressAccessibilityService: true, goog:chromeOptions: {}, interactiveDebugging: true, nativeWebScreenshot: true, newCommandTimeout: 0, platformName: Android, skipServerInstallation: true, systemPort: 8200, udid: 28241FDH200GKZ}, appium:device: google pixel 7, appium:deviceApiLevel: 33, appium:deviceManufacturer: Google, appium:deviceModel: Pixel 7, appium:deviceName: 28241FDH200GKZ, appium:deviceScreenDensity: 420, appium:deviceScreenSize: 1080x2400, appium:deviceUDID: 28241FDH200GKZ, appium:disableSuppressAccessibilityService: true, appium:interactiveDebugging: true, appium:javascriptEnabled: true, appium:locationContextEnabled: false, appium:nativeWebScreenshot: true, appium:networkConnectionEnabled: true, appium:newCommandTimeout: 0, appium:pixelRatio: 2.625, appium:platformVersion: 13, appium:skipServerInstallation: true, appium:statBarHeight: 118, appium:systemPort: 8200, appium:takesScreenshot: true, appium:udid: 28241FDH200GKZ, appium:viewportRect: {height: 2101, left: 0, top: 118, width: 1080}, appium:warnings: {}, appium:webStorageEnabled: false, bstack:options: {accessKey: myzaL82yR4HMHGzpqghY, userName: elamathivijayasa_BRaXh3}, goog:chromeOptions: {}, platformName: ANDROID}
Session ID: 3d486900b03063cb3a1e56b407d8ac7290358eb2
	at java.base/jdk.internal.reflect.NativeConstructorAccessorImpl.newInstance0(Native Method)
	at java.base/jdk.internal.reflect.NativeConstructorAccessorImpl.newInstance(NativeConstructorAccessorImpl.java:77)
	at java.base/jdk.internal.reflect.DelegatingConstructorAccessorImpl.newInstance(DelegatingConstructorAccessorImpl.java:45)
	at java.base/java.lang.reflect.Constructor.newInstanceWithCaller(Constructor.java:499)
	at java.base/java.lang.reflect.Constructor.newInstance(Constructor.java:480)
	at org.openqa.selenium.remote.codec.w3c.W3CHttpResponseCodec.createException(W3CHttpResponseCodec.java:199)
	at org.openqa.selenium.remote.codec.w3c.W3CHttpResponseCodec.decode(W3CHttpResponseCodec.java:132)
	at org.openqa.selenium.remote.codec.w3c.W3CHttpResponseCodec.decode(W3CHttpResponseCodec.java:51)
	at org.openqa.selenium.remote.HttpCommandExecutor.execute(HttpCommandExecutor.java:191)
	at io.appium.java_client.remote.AppiumCommandExecutor.execute(AppiumCommandExecutor.java:262)
	at org.openqa.selenium.remote.RemoteWebDriver.execute(RemoteWebDriver.java:531)
	at org.openqa.selenium.remote.RemoteWebDriver.execute(RemoteWebDriver.java:590)
	at io.appium.java_client.AppiumDriver.execute(AppiumDriver.java:267)
	at io.appium.java_client.remote.SupportsContextSwitching.getContextHandles(SupportsContextSwitching.java:58)
	at ManUTDRegression.framework.generic.GenericLib.switchToWebViewContext(GenericLib.java:2600)
	at ManUTDRegression.pom.singuppage.SingUp.test(SingUp.java:67)
	at ManUTDRegression.test.SingUpTest.runSingUp(SingUpTest.java:25)
	at java.base/jdk.internal.reflect.NativeMethodAccessorImpl.invoke0(Native Method)
	at java.base/jdk.internal.reflect.NativeMethodAccessorImpl.invoke(NativeMethodAccessorImpl.java:77)
	at java.base/jdk.internal.reflect.DelegatingMethodAccessorImpl.invoke(DelegatingMethodAccessorImpl.java:43)
	at java.base/java.lang.reflect.Method.invoke(Method.java:568)
	at org.testng.internal.invokers.MethodInvocationHelper.invokeMethod(MethodInvocationHelper.java:139)
	at org.testng.internal.invokers.TestInvoker.invokeMethod(TestInvoker.java:664)
	at org.testng.internal.invokers.TestInvoker.invokeTestMethod(TestInvoker.java:227)
	at org.testng.internal.invokers.MethodRunner.runInSequence(MethodRunner.java:50)
	at org.testng.internal.invokers.TestInvoker$MethodInvocationAgent.invoke(TestInvoker.java:957)
	at org.testng.internal.invokers.TestInvoker.invokeTestMethods(TestInvoker.java:200)
	at org.testng.internal.invokers.TestMethodWorker.invokeTestMethods(TestMethodWorker.java:148)
	at org.testng.internal.invokers.TestMethodWorker.run(TestMethodWorker.java:128)
	at java.base/java.util.ArrayList.forEach(ArrayList.java:1511)
	at org.testng.TestRunner.privateRun(TestRunner.java:848)
	at org.testng.TestRunner.run(TestRunner.java:621)
	at org.testng.SuiteRunner.runTest(SuiteRunner.java:443)
	at org.testng.SuiteRunner.runSequentially(SuiteRunner.java:437)
	at org.testng.SuiteRunner.privateRun(SuiteRunner.java:397)
	at org.testng.SuiteRunner.run(SuiteRunner.java:336)
	at org.testng.SuiteRunnerWorker.runSuite(SuiteRunnerWorker.java:52)
	at org.testng.SuiteRunnerWorker.run(SuiteRunnerWorker.java:95)
	at org.testng.TestNG.runSuitesSequentially(TestNG.java:1280)
	at org.testng.TestNG.runSuitesLocally(TestNG.java:1200)
	at org.testng.TestNG.runSuites(TestNG.java:1114)
	at org.testng.TestNG.run(TestNG.java:1082)
	at org.apache.maven.surefire.testng.TestNGExecutor.run(TestNGExecutor.java:308)
	at org.apache.maven.surefire.testng.TestNGXmlTestSuite.execute(TestNGXmlTestSuite.java:71)
	at org.apache.maven.surefire.testng.TestNGProvider.invoke(TestNGProvider.java:113)
	at org.apache.maven.surefire.booter.ForkedBooter.runSuitesInProcess(ForkedBooter.java:385)
	at org.apache.maven.surefire.booter.ForkedBooter.execute(ForkedBooter.java:162)
	at org.apache.maven.surefire.booter.ForkedBooter.run(ForkedBooter.java:507)
	at org.apache.maven.surefire.booter.ForkedBooter.main(ForkedBooter.java:495)
</pre></div></td>
<td>144</td>
<td>ManUTDRegression.test.SingUpTest@18078bef</td></tr>
</table><p>
</body>
</html>